-------------------------------------------------------------------------------
Test set: com.example.demo.TestExApplicationTests
-------------------------------------------------------------------------------
Tests run: 1, Failures: 0, Errors: 1, Skipped: 0, Time elapsed: 6.701 s <<< FAILURE! - in com.example.demo.TestExApplicationTests
contextLoads  Time elapsed: 0.026 s  <<< ERROR!
java.lang.IllegalStateException: Failed to load ApplicationContext
Caused by: org.springframework.beans.factory.UnsatisfiedDependencyException: Error creating bean with name 'playerServiceImpl': Unsatisfied dependency expressed through field 'service'; nested exception is org.springframework.beans.factory.BeanCurrentlyInCreationException: Error creating bean with name 'playerServiceImpl': Requested bean is currently in creation: Is there an unresolvable circular reference?
Caused by: org.springframework.beans.factory.BeanCurrentlyInCreationException: Error creating bean with name 'playerServiceImpl': Requested bean is currently in creation: Is there an unresolvable circular reference?

